<?xml version="1.0" encoding="UTF-8"?>
<!-- Generated by org.testng.reporters.JUnitXMLReporter -->
<testsuite ignored="0" hostname="192.168.1.5" failures="0" tests="2" name="safariTest" time="20.88" errors="0" timestamp="2025-06-22T19:48:23 CST">
  <testcase classname="testCases.TC001_AccountRegistrationTest" name="verify_account_registration" time="0.0">
    <skipped/>
  </testcase> <!-- verify_account_registration -->
  <testcase classname="testCases.TC002_Login" name="login" time="0.0">
    <skipped/>
  </testcase> <!-- login -->
</testsuite> <!-- safariTest -->
