<?xml version="1.0" encoding="UTF-8"?>
<testng-results ignored="0" total="1" passed="1" failed="0" skipped="0">
  <reporter-output>
  </reporter-output>
  <suite started-at="2025-06-23T00:59:50 CST" name="Suite" finished-at="2025-06-23T00:59:54 CST" duration-ms="3666">
    <groups>
    </groups>
    <test started-at="2025-06-23T00:59:50 CST" name="Test" finished-at="2025-06-23T00:59:54 CST" duration-ms="3666">
      <class name="testCases.TC001_AccountRegistrationTest">
        <test-method is-config="true" signature="setup(java.lang.String,java.lang.String)[pri:0, instance:testCases.TC001_AccountRegistrationTest@4009e306]" started-at="2025-06-23T00:59:50 CST" name="setup" finished-at="2025-06-23T00:59:53 CST" duration-ms="2837" status="PASS">
          <params>
            <param index="0">
              <value>
                <![CDATA[mac]]>
              </value>
            </param>
            <param index="1">
              <value>
                <![CDATA[edge]]>
              </value>
            </param>
          </params>
          <reporter-output>
          </reporter-output>
        </test-method> <!-- setup -->
        <test-method signature="verify_account_registration()[pri:0, instance:testCases.TC001_AccountRegistrationTest@4009e306]" started-at="2025-06-23T00:59:53 CST" name="verify_account_registration" finished-at="2025-06-23T00:59:53 CST" duration-ms="742" status="PASS">
          <reporter-output>
          </reporter-output>
        </test-method> <!-- verify_account_registration -->
        <test-method is-config="true" signature="tearDown()[pri:0, instance:testCases.TC001_AccountRegistrationTest@4009e306]" started-at="2025-06-23T00:59:53 CST" name="tearDown" finished-at="2025-06-23T00:59:54 CST" duration-ms="77" status="PASS">
          <reporter-output>
          </reporter-output>
        </test-method> <!-- tearDown -->
      </class> <!-- testCases.TC001_AccountRegistrationTest -->
    </test> <!-- Test -->
  </suite> <!-- Suite -->
</testng-results>
